<?xml version="1.0" encoding="UTF-8"?>
<!-- Generated by org.testng.reporters.JUnitXMLReporter -->
<testsuite ignored="3" hostname="DESKTOP-UQTCPG3" failures="1" tests="1" name="My Store" time="166.708" errors="0" timestamp="2021-12-15T17:35:12 IST">
  <testcase classname="Pages.My_Store_Login" name="Login" time="166.565">
    <failure type="java.lang.AssertionError" message="verificaiton of result expected [verificaiton of result] but found [Product successfully added to your shopping cart]">
      <![CDATA[java.lang.AssertionError: verificaiton of result expected [verificaiton of result] but found [Product successfully added to your shopping cart]
at Pages.My_Store_Login.Login(My_Store_Login.java:53)
at java.base/java.util.ArrayList.forEach(ArrayList.java:1511)
... Removed 32 stack frames]]>
    </failure>
  </testcase> <!-- Login -->
  <testcase classname="Base.My_Store_Base" name="@AfterSuite tearDown" time="0.0">
    <ignored/>
  </testcase> <!-- @AfterSuite tearDown -->
  <testcase classname="Base.My_Store_Base" name="@BeforeSuite initialize" time="0.0">
    <ignored/>
  </testcase> <!-- @BeforeSuite initialize -->
  <testcase classname="Base.My_Store_Base" name="@BeforeSuite setup" time="0.0">
    <ignored/>
  </testcase> <!-- @BeforeSuite setup -->
</testsuite> <!-- My Store -->
