<?xml version="1.0" encoding="UTF-8"?>
<!-- Generated by org.testng.reporters.JUnitReportReporter -->
<testsuite hostname="DESKTOP-UQTCPG3" failures="0" tests="1" name="Base.My_Store_Base" time="37.932" errors="1" timestamp="2021-12-15T14:42:21 IST" skipped="0">
  <testcase classname="Base.My_Store_Base" name="initialize" time="37.932">
    <error message="session not created: This version of ChromeDriver only supports Chrome version 97
Current browser version is 96.0.4664.93 with binary path C:\Program Files\Google\Chrome\Application\chrome.exe
Build info: version: &#039;3.14.0&#039;, revision: &#039;aacccce0&#039;, time: &#039;2018-08-02T20:19:58.91Z&#039;
System info: host: &#039;DESKTOP-UQTCPG3&#039;, ip: &#039;192.168.1.41&#039;, os.name: &#039;Windows 10&#039;, os.arch: &#039;amd64&#039;, os.version: &#039;10.0&#039;, java.version: &#039;14.0.2&#039;
Driver info: driver.version: ChromeDriver
remote stacktrace: Backtrace:
	Ordinal0 [0x0111E713+2549523]
	Ordinal0 [0x010B72D1+2126545]
	Ordinal0 [0x00FB2C88+1059976]
	Ordinal0 [0x00FD17FA+1185786]
	Ordinal0 [0x00FCD655+1168981]
	Ordinal0 [0x00FCAE21+1158689]
	Ordinal0 [0x00FFBFDF+1359839]
	Ordinal0 [0x00FFBC4A+1358922]
	Ordinal0 [0x00FF7736+1341238]
	Ordinal0 [0x00FD34E6+1193190]
	Ordinal0 [0x00FD4376+1196918]
	GetHandleVerifier [0x012B9742+1627410]
	GetHandleVerifier [0x0136A93C+2352908]
	GetHandleVerifier [0x011B2AE1+551089]
	GetHandleVerifier [0x011B1B03+547027]
	Ordinal0 [0x010BCBEE+2149358]
	Ordinal0 [0x010C0F18+2166552]
	Ordinal0 [0x010C1060+2166880]
	Ordinal0 [0x010CAC60+2206816]
	BaseThreadInitThunk [0x756CFA29+25]
	RtlGetAppContainerNamedObjectPath [0x76FB7A9E+286]
	RtlGetAppContainerNamedObjectPath [0x76FB7A6E+238]
" type="org.openqa.selenium.SessionNotCreatedException">
      <![CDATA[org.openqa.selenium.SessionNotCreatedException: session not created: This version of ChromeDriver only supports Chrome version 97
Current browser version is 96.0.4664.93 with binary path C:\Program Files\Google\Chrome\Application\chrome.exe
Build info: version: '3.14.0', revision: 'aacccce0', time: '2018-08-02T20:19:58.91Z'
System info: host: 'DESKTOP-UQTCPG3', ip: '192.168.1.41', os.name: 'Windows 10', os.arch: 'amd64', os.version: '10.0', java.version: '14.0.2'
Driver info: driver.version: ChromeDriver
remote stacktrace: Backtrace:
Ordinal0 [0x0111E713+2549523]
Ordinal0 [0x010B72D1+2126545]
Ordinal0 [0x00FB2C88+1059976]
Ordinal0 [0x00FD17FA+1185786]
Ordinal0 [0x00FCD655+1168981]
Ordinal0 [0x00FCAE21+1158689]
Ordinal0 [0x00FFBFDF+1359839]
Ordinal0 [0x00FFBC4A+1358922]
Ordinal0 [0x00FF7736+1341238]
Ordinal0 [0x00FD34E6+1193190]
Ordinal0 [0x00FD4376+1196918]
GetHandleVerifier [0x012B9742+1627410]
GetHandleVerifier [0x0136A93C+2352908]
GetHandleVerifier [0x011B2AE1+551089]
GetHandleVerifier [0x011B1B03+547027]
Ordinal0 [0x010BCBEE+2149358]
Ordinal0 [0x010C0F18+2166552]
Ordinal0 [0x010C1060+2166880]
Ordinal0 [0x010CAC60+2206816]
BaseThreadInitThunk [0x756CFA29+25]
RtlGetAppContainerNamedObjectPath [0x76FB7A9E+286]
RtlGetAppContainerNamedObjectPath [0x76FB7A6E+238]

at java.base/jdk.internal.reflect.NativeConstructorAccessorImpl.newInstance0(Native Method)
at java.base/jdk.internal.reflect.NativeConstructorAccessorImpl.newInstance(NativeConstructorAccessorImpl.java:62)
at java.base/jdk.internal.reflect.DelegatingConstructorAccessorImpl.newInstance(DelegatingConstructorAccessorImpl.java:45)
at java.base/java.lang.reflect.Constructor.newInstanceWithCaller(Constructor.java:500)
at java.base/java.lang.reflect.Constructor.newInstance(Constructor.java:481)
at org.openqa.selenium.remote.W3CHandshakeResponse.lambda$new$0(W3CHandshakeResponse.java:57)
at org.openqa.selenium.remote.W3CHandshakeResponse.lambda$getResponseFunction$2(W3CHandshakeResponse.java:104)
at org.openqa.selenium.remote.ProtocolHandshake.lambda$createSession$0(ProtocolHandshake.java:122)
at java.base/java.util.stream.ReferencePipeline$3$1.accept(ReferencePipeline.java:195)
at java.base/java.util.Spliterators$ArraySpliterator.tryAdvance(Spliterators.java:958)
at java.base/java.util.stream.ReferencePipeline.forEachWithCancel(ReferencePipeline.java:127)
at java.base/java.util.stream.AbstractPipeline.copyIntoWithCancel(AbstractPipeline.java:502)
at java.base/java.util.stream.AbstractPipeline.copyInto(AbstractPipeline.java:488)
at java.base/java.util.stream.AbstractPipeline.wrapAndCopyInto(AbstractPipeline.java:474)
at java.base/java.util.stream.FindOps$FindOp.evaluateSequential(FindOps.java:150)
at java.base/java.util.stream.AbstractPipeline.evaluate(AbstractPipeline.java:234)
at java.base/java.util.stream.ReferencePipeline.findFirst(ReferencePipeline.java:543)
at org.openqa.selenium.remote.ProtocolHandshake.createSession(ProtocolHandshake.java:125)
at org.openqa.selenium.remote.ProtocolHandshake.createSession(ProtocolHandshake.java:73)
at org.openqa.selenium.remote.HttpCommandExecutor.execute(HttpCommandExecutor.java:136)
at org.openqa.selenium.remote.service.DriverCommandExecutor.execute(DriverCommandExecutor.java:83)
at org.openqa.selenium.remote.RemoteWebDriver.execute(RemoteWebDriver.java:548)
at org.openqa.selenium.remote.RemoteWebDriver.startSession(RemoteWebDriver.java:212)
at org.openqa.selenium.remote.RemoteWebDriver.<init>(RemoteWebDriver.java:130)
at org.openqa.selenium.chrome.ChromeDriver.<init>(ChromeDriver.java:181)
at org.openqa.selenium.chrome.ChromeDriver.<init>(ChromeDriver.java:168)
at org.openqa.selenium.chrome.ChromeDriver.<init>(ChromeDriver.java:157)
at Base.My_Store_Base.initialize(My_Store_Base.java:185)
at java.base/jdk.internal.reflect.NativeMethodAccessorImpl.invoke0(Native Method)
at java.base/jdk.internal.reflect.NativeMethodAccessorImpl.invoke(NativeMethodAccessorImpl.java:62)
at java.base/jdk.internal.reflect.DelegatingMethodAccessorImpl.invoke(DelegatingMethodAccessorImpl.java:43)
at java.base/java.lang.reflect.Method.invoke(Method.java:564)
at org.testng.internal.MethodInvocationHelper.invokeMethod(MethodInvocationHelper.java:132)
at org.testng.internal.MethodInvocationHelper.invokeMethodConsideringTimeout(MethodInvocationHelper.java:61)
at org.testng.internal.ConfigInvoker.invokeConfigurationMethod(ConfigInvoker.java:366)
at org.testng.internal.ConfigInvoker.invokeConfigurations(ConfigInvoker.java:320)
at org.testng.SuiteRunner.privateRun(SuiteRunner.java:327)
at org.testng.SuiteRunner.run(SuiteRunner.java:286)
at org.testng.SuiteRunnerWorker.runSuite(SuiteRunnerWorker.java:53)
at org.testng.SuiteRunnerWorker.run(SuiteRunnerWorker.java:96)
at org.testng.TestNG.runSuitesSequentially(TestNG.java:1218)
at org.testng.TestNG.runSuitesLocally(TestNG.java:1140)
at org.testng.TestNG.runSuites(TestNG.java:1069)
at org.testng.TestNG.run(TestNG.java:1037)
at org.testng.remote.AbstractRemoteTestNG.run(AbstractRemoteTestNG.java:115)
at org.testng.remote.RemoteTestNG.initAndRun(RemoteTestNG.java:251)
at org.testng.remote.RemoteTestNG.main(RemoteTestNG.java:77)
]]>
    </error>
  </testcase> <!-- initialize -->
  <system-out/>
</testsuite> <!-- Base.My_Store_Base -->
